Picamera2 not available. Using simulated camera for development.
INFO: === Vision Inspection System Starting ===
INFO: System: Vision Inspection System v1.0.0
INFO: CORS enabled for origins: ['http://localhost:3000']
INFO: Initializing database...
INFO: Database initialized successfully
INFO: Initializing hardware controllers...
[ WARN:0@0.066] global cap_v4l.cpp:982 open VIDEOIO(V4L2:/dev/video0): can't open camera by index
[ERROR:0@0.067] global obsensor_uvc_stream_channel.cpp:156 getStreamChannelGroup Camera index out of range
WARNING: No camera available - using test pattern
INFO: Camera controller initialized
ERROR: Failed to initialize GPIO: Cannot determine SOC peripheral base address
INFO: GPIO controller initialized
INFO: Initializing program manager...
INFO: Program manager initialized
INFO: Program manager initialized
INFO: API initialized with dependencies
INFO: API initialized
INFO: API blueprint registered
INFO: WebSocket initialized with dependencies
INFO: WebSocket initialized
INFO: Application initialization complete
INFO: API available at: http://0.0.0.0:5000/api
INFO: Starting server on 0.0.0.0:5000 (debug=False)
Werkzeug appears to be used in a production deployment. Consider switching to a production web server instead.
 * Serving Flask app 'app'
 * Debug mode: off
[31m[1mWARNING: This is a development server. Do not use it in a production deployment. Use a production WSGI server instead.[0m
 * Running on all addresses (0.0.0.0)
 * Running on http://127.0.0.1:5000
 * Running on http://192.168.11.123:5000
[33mPress CTRL+C to quit[0m
WARNING: Camera not available - generating test pattern
127.0.0.1 - - [08/Oct/2025 21:39:56] "GET /api/health HTTP/1.1" 200 -
ERROR: List programs failed: no such column: is_active
127.0.0.1 - - [08/Oct/2025 21:40:01] "[35m[1mGET /api/programs HTTP/1.1[0m" 500 -
